[2022-12-27 16:35:38,187] root INFO ###################################################################
[2022-12-27 16:35:38,187] root INFO #                                                                 #
[2022-12-27 16:35:38,187] root INFO #     Begin execution of C:\Users\stefa\cmplx\robot_method.py     #
[2022-12-27 16:35:38,187] root INFO #                                                                 #
[2022-12-27 16:35:38,187] root INFO ###################################################################
[2022-12-27 16:35:38,188] pyhamilton.interface INFO starting a Hamilton interface
[2022-12-27 16:35:38,188] pyhamilton.interface INFO started the oem application for simulation
[2022-12-27 16:35:38,188] pyhamilton.interface INFO started the server thread
[2022-12-27 16:35:38,189] root INFO initialize: synchronously initialize the robot
[2022-12-27 16:35:47,271] parse DEBUG format '{numField:d},{mainErrField:d},{slaveErr:d},{recoveryBtnId:d},{stepData},{labwareName:w},{labwarePos}' -> '(?P<numField>[-+ ]?\\d+|[-+ ]?0[xX][0-9a-fA-F]+|[-+ ]?0[bB][01]+|[-+ ]?0[oO][0-7]+),(?P<mainErrField>[-+ ]?\\d+|[-+ ]?0[xX][0-9a-fA-F]+|[-+ ]?0[bB][01]+|[-+ ]?0[oO][0-7]+),(?P<slaveErr>[-+ ]?\\d+|[-+ ]?0[xX][0-9a-fA-F]+|[-+ ]?0[bB][01]+|[-+ ]?0[oO][0-7]+),(?P<recoveryBtnId>[-+ ]?\\d+|[-+ ]?0[xX][0-9a-fA-F]+|[-+ ]?0[bB][01]+|[-+ ]?0[oO][0-7]+),(?P<stepData>.+?),(?P<labwareName>\\w+),(?P<labwarePos>.+?)'
[2022-12-27 16:35:47,272] parse DEBUG format '{numField:d},{mainErrField:d},{slaveErr:d},{recoveryBtnId:d},{stepData},{labwareName:w},{labwarePos}' -> '(?P<numField>[-+ ]?\\d+|[-+ ]?0[xX][0-9a-fA-F]+|[-+ ]?0[bB][01]+|[-+ ]?0[oO][0-7]+),(?P<mainErrField>[-+ ]?\\d+|[-+ ]?0[xX][0-9a-fA-F]+|[-+ ]?0[bB][01]+|[-+ ]?0[oO][0-7]+),(?P<slaveErr>[-+ ]?\\d+|[-+ ]?0[xX][0-9a-fA-F]+|[-+ ]?0[bB][01]+|[-+ ]?0[oO][0-7]+),(?P<recoveryBtnId>[-+ ]?\\d+|[-+ ]?0[xX][0-9a-fA-F]+|[-+ ]?0[bB][01]+|[-+ ]?0[oO][0-7]+),(?P<stepData>.+?),(?P<labwareName>\\w+),(?P<labwarePos>.+?)'
[2022-12-27 16:35:47,272] parse DEBUG format '{numField:d},{mainErrField:d},{slaveErr:d},{recoveryBtnId:d},{stepData},{labwareName:w},{labwarePos}' -> '(?P<numField>[-+ ]?\\d+|[-+ ]?0[xX][0-9a-fA-F]+|[-+ ]?0[bB][01]+|[-+ ]?0[oO][0-7]+),(?P<mainErrField>[-+ ]?\\d+|[-+ ]?0[xX][0-9a-fA-F]+|[-+ ]?0[bB][01]+|[-+ ]?0[oO][0-7]+),(?P<slaveErr>[-+ ]?\\d+|[-+ ]?0[xX][0-9a-fA-F]+|[-+ ]?0[bB][01]+|[-+ ]?0[oO][0-7]+),(?P<recoveryBtnId>[-+ ]?\\d+|[-+ ]?0[xX][0-9a-fA-F]+|[-+ ]?0[bB][01]+|[-+ ]?0[oO][0-7]+),(?P<stepData>.+?),(?P<labwareName>\\w+),(?P<labwarePos>.+?)'
[2022-12-27 16:35:47,272] parse DEBUG format '{numField:d},{mainErrField:d},{slaveErr:d},{recoveryBtnId:d},{stepData},{labwareName:w},{labwarePos}' -> '(?P<numField>[-+ ]?\\d+|[-+ ]?0[xX][0-9a-fA-F]+|[-+ ]?0[bB][01]+|[-+ ]?0[oO][0-7]+),(?P<mainErrField>[-+ ]?\\d+|[-+ ]?0[xX][0-9a-fA-F]+|[-+ ]?0[bB][01]+|[-+ ]?0[oO][0-7]+),(?P<slaveErr>[-+ ]?\\d+|[-+ ]?0[xX][0-9a-fA-F]+|[-+ ]?0[bB][01]+|[-+ ]?0[oO][0-7]+),(?P<recoveryBtnId>[-+ ]?\\d+|[-+ ]?0[xX][0-9a-fA-F]+|[-+ ]?0[bB][01]+|[-+ ]?0[oO][0-7]+),(?P<stepData>.+?),(?P<labwareName>\\w+),(?P<labwarePos>.+?)'
[2022-12-27 16:35:47,273] parse DEBUG format '{numField:d},{mainErrField:d},{slaveErr:d},{recoveryBtnId:d},{stepData},{labwareName:w},{labwarePos}' -> '(?P<numField>[-+ ]?\\d+|[-+ ]?0[xX][0-9a-fA-F]+|[-+ ]?0[bB][01]+|[-+ ]?0[oO][0-7]+),(?P<mainErrField>[-+ ]?\\d+|[-+ ]?0[xX][0-9a-fA-F]+|[-+ ]?0[bB][01]+|[-+ ]?0[oO][0-7]+),(?P<slaveErr>[-+ ]?\\d+|[-+ ]?0[xX][0-9a-fA-F]+|[-+ ]?0[bB][01]+|[-+ ]?0[oO][0-7]+),(?P<recoveryBtnId>[-+ ]?\\d+|[-+ ]?0[xX][0-9a-fA-F]+|[-+ ]?0[bB][01]+|[-+ ]?0[oO][0-7]+),(?P<stepData>.+?),(?P<labwareName>\\w+),(?P<labwarePos>.+?)'
[2022-12-27 16:35:47,273] parse DEBUG format '{numField:d},{mainErrField:d},{slaveErr:d},{recoveryBtnId:d},{stepData},{labwareName:w},{labwarePos}' -> '(?P<numField>[-+ ]?\\d+|[-+ ]?0[xX][0-9a-fA-F]+|[-+ ]?0[bB][01]+|[-+ ]?0[oO][0-7]+),(?P<mainErrField>[-+ ]?\\d+|[-+ ]?0[xX][0-9a-fA-F]+|[-+ ]?0[bB][01]+|[-+ ]?0[oO][0-7]+),(?P<slaveErr>[-+ ]?\\d+|[-+ ]?0[xX][0-9a-fA-F]+|[-+ ]?0[bB][01]+|[-+ ]?0[oO][0-7]+),(?P<recoveryBtnId>[-+ ]?\\d+|[-+ ]?0[xX][0-9a-fA-F]+|[-+ ]?0[bB][01]+|[-+ ]?0[oO][0-7]+),(?P<stepData>.+?),(?P<labwareName>\\w+),(?P<labwarePos>.+?)'
[2022-12-27 16:35:47,273] parse DEBUG format '{numField:d},{mainErrField:d},{slaveErr:d},{recoveryBtnId:d},{stepData},{labwareName:w},{labwarePos}' -> '(?P<numField>[-+ ]?\\d+|[-+ ]?0[xX][0-9a-fA-F]+|[-+ ]?0[bB][01]+|[-+ ]?0[oO][0-7]+),(?P<mainErrField>[-+ ]?\\d+|[-+ ]?0[xX][0-9a-fA-F]+|[-+ ]?0[bB][01]+|[-+ ]?0[oO][0-7]+),(?P<slaveErr>[-+ ]?\\d+|[-+ ]?0[xX][0-9a-fA-F]+|[-+ ]?0[bB][01]+|[-+ ]?0[oO][0-7]+),(?P<recoveryBtnId>[-+ ]?\\d+|[-+ ]?0[xX][0-9a-fA-F]+|[-+ ]?0[bB][01]+|[-+ ]?0[oO][0-7]+),(?P<stepData>.+?),(?P<labwareName>\\w+),(?P<labwarePos>.+?)'
[2022-12-27 16:35:47,273] parse DEBUG format '{numField:d},{mainErrField:d},{slaveErr:d},{recoveryBtnId:d},{stepData},{labwareName:w},{labwarePos}' -> '(?P<numField>[-+ ]?\\d+|[-+ ]?0[xX][0-9a-fA-F]+|[-+ ]?0[bB][01]+|[-+ ]?0[oO][0-7]+),(?P<mainErrField>[-+ ]?\\d+|[-+ ]?0[xX][0-9a-fA-F]+|[-+ ]?0[bB][01]+|[-+ ]?0[oO][0-7]+),(?P<slaveErr>[-+ ]?\\d+|[-+ ]?0[xX][0-9a-fA-F]+|[-+ ]?0[bB][01]+|[-+ ]?0[oO][0-7]+),(?P<recoveryBtnId>[-+ ]?\\d+|[-+ ]?0[xX][0-9a-fA-F]+|[-+ ]?0[bB][01]+|[-+ ]?0[oO][0-7]+),(?P<stepData>.+?),(?P<labwareName>\\w+),(?P<labwarePos>.+?)'
[2022-12-27 16:35:47,273] pyhamilton.interface INFO sending end run command to simulator
[2022-12-27 16:35:48,788] pyhamilton.interface ERROR HamiltonTimeoutError('Timed out after 1.5 sec while waiting for response id 0x0')
[2022-12-27 16:35:48,788] pyhamilton.interface INFO disconnected from server
[2022-12-27 16:35:48,897] pyhamilton.interface INFO server did not exit yet, sending dummy request to exit its loop
[2022-12-27 16:35:48,897] urllib3.util.retry DEBUG Converted retries value: 20 -> Retry(total=20, connect=None, read=None, redirect=None, status=None)
[2022-12-27 16:35:48,901] urllib3.connectionpool DEBUG Starting new HTTP connection (1): 127.0.0.1:3221
[2022-12-27 16:35:48,902] urllib3.connectionpool DEBUG http://127.0.0.1:3221 "GET / HTTP/1.1" 200 None
[2022-12-27 16:35:48,902] pyhamilton.interface INFO dummy get request sent to server
[2022-12-27 16:35:48,906] pyhamilton.interface INFO server thread exited
[2022-12-27 16:35:48,906] root ERROR Traceback (most recent call last):
[2022-12-27 16:35:48,907] root ERROR   File "C:\Users\stefa\cmplx\robot_method.py", line 38, in <module>
[2022-12-27 16:35:48,907] root ERROR iswap_move_wide_grip(ham_int, plates[0], plates[1])
[2022-12-27 16:35:48,908] root ERROR   File "C:\Users\stefa\cmplx\robot_method.py", line 32, in iswap_move_wide_grip
[2022-12-27 16:35:48,908] root ERROR move_plate(ham_int, source, destination, 12, 123.7, gripMode=1, openWidth=132, CmplxGetDict=CmplxGetDict, CmplxPlaceDict = CmplxPlaceDict)
[2022-12-27 16:35:48,908] root ERROR TypeError
[2022-12-27 16:35:48,908] root ERROR : 
[2022-12-27 16:35:48,908] root ERROR move_plate() got an unexpected keyword argument 'gripMode'
[2022-12-27 16:41:12,199] root INFO ###################################################################
[2022-12-27 16:41:12,199] root INFO #                                                                 #
[2022-12-27 16:41:12,199] root INFO #     Begin execution of C:\Users\stefa\cmplx\robot_method.py     #
[2022-12-27 16:41:12,199] root INFO #                                                                 #
[2022-12-27 16:41:12,199] root INFO ###################################################################
[2022-12-27 16:41:12,199] pyhamilton.interface INFO starting a Hamilton interface
[2022-12-27 16:41:12,199] pyhamilton.interface INFO started the oem application for simulation
[2022-12-27 16:41:12,199] pyhamilton.interface INFO started the server thread
[2022-12-27 16:41:12,199] root INFO initialize: synchronously initialize the robot
[2022-12-27 16:41:21,278] parse DEBUG format '{numField:d},{mainErrField:d},{slaveErr:d},{recoveryBtnId:d},{stepData},{labwareName:w},{labwarePos}' -> '(?P<numField>[-+ ]?\\d+|[-+ ]?0[xX][0-9a-fA-F]+|[-+ ]?0[bB][01]+|[-+ ]?0[oO][0-7]+),(?P<mainErrField>[-+ ]?\\d+|[-+ ]?0[xX][0-9a-fA-F]+|[-+ ]?0[bB][01]+|[-+ ]?0[oO][0-7]+),(?P<slaveErr>[-+ ]?\\d+|[-+ ]?0[xX][0-9a-fA-F]+|[-+ ]?0[bB][01]+|[-+ ]?0[oO][0-7]+),(?P<recoveryBtnId>[-+ ]?\\d+|[-+ ]?0[xX][0-9a-fA-F]+|[-+ ]?0[bB][01]+|[-+ ]?0[oO][0-7]+),(?P<stepData>.+?),(?P<labwareName>\\w+),(?P<labwarePos>.+?)'
[2022-12-27 16:41:21,280] parse DEBUG format '{numField:d},{mainErrField:d},{slaveErr:d},{recoveryBtnId:d},{stepData},{labwareName:w},{labwarePos}' -> '(?P<numField>[-+ ]?\\d+|[-+ ]?0[xX][0-9a-fA-F]+|[-+ ]?0[bB][01]+|[-+ ]?0[oO][0-7]+),(?P<mainErrField>[-+ ]?\\d+|[-+ ]?0[xX][0-9a-fA-F]+|[-+ ]?0[bB][01]+|[-+ ]?0[oO][0-7]+),(?P<slaveErr>[-+ ]?\\d+|[-+ ]?0[xX][0-9a-fA-F]+|[-+ ]?0[bB][01]+|[-+ ]?0[oO][0-7]+),(?P<recoveryBtnId>[-+ ]?\\d+|[-+ ]?0[xX][0-9a-fA-F]+|[-+ ]?0[bB][01]+|[-+ ]?0[oO][0-7]+),(?P<stepData>.+?),(?P<labwareName>\\w+),(?P<labwarePos>.+?)'
[2022-12-27 16:41:21,280] parse DEBUG format '{numField:d},{mainErrField:d},{slaveErr:d},{recoveryBtnId:d},{stepData},{labwareName:w},{labwarePos}' -> '(?P<numField>[-+ ]?\\d+|[-+ ]?0[xX][0-9a-fA-F]+|[-+ ]?0[bB][01]+|[-+ ]?0[oO][0-7]+),(?P<mainErrField>[-+ ]?\\d+|[-+ ]?0[xX][0-9a-fA-F]+|[-+ ]?0[bB][01]+|[-+ ]?0[oO][0-7]+),(?P<slaveErr>[-+ ]?\\d+|[-+ ]?0[xX][0-9a-fA-F]+|[-+ ]?0[bB][01]+|[-+ ]?0[oO][0-7]+),(?P<recoveryBtnId>[-+ ]?\\d+|[-+ ]?0[xX][0-9a-fA-F]+|[-+ ]?0[bB][01]+|[-+ ]?0[oO][0-7]+),(?P<stepData>.+?),(?P<labwareName>\\w+),(?P<labwarePos>.+?)'
[2022-12-27 16:41:21,280] parse DEBUG format '{numField:d},{mainErrField:d},{slaveErr:d},{recoveryBtnId:d},{stepData},{labwareName:w},{labwarePos}' -> '(?P<numField>[-+ ]?\\d+|[-+ ]?0[xX][0-9a-fA-F]+|[-+ ]?0[bB][01]+|[-+ ]?0[oO][0-7]+),(?P<mainErrField>[-+ ]?\\d+|[-+ ]?0[xX][0-9a-fA-F]+|[-+ ]?0[bB][01]+|[-+ ]?0[oO][0-7]+),(?P<slaveErr>[-+ ]?\\d+|[-+ ]?0[xX][0-9a-fA-F]+|[-+ ]?0[bB][01]+|[-+ ]?0[oO][0-7]+),(?P<recoveryBtnId>[-+ ]?\\d+|[-+ ]?0[xX][0-9a-fA-F]+|[-+ ]?0[bB][01]+|[-+ ]?0[oO][0-7]+),(?P<stepData>.+?),(?P<labwareName>\\w+),(?P<labwarePos>.+?)'
[2022-12-27 16:41:21,280] parse DEBUG format '{numField:d},{mainErrField:d},{slaveErr:d},{recoveryBtnId:d},{stepData},{labwareName:w},{labwarePos}' -> '(?P<numField>[-+ ]?\\d+|[-+ ]?0[xX][0-9a-fA-F]+|[-+ ]?0[bB][01]+|[-+ ]?0[oO][0-7]+),(?P<mainErrField>[-+ ]?\\d+|[-+ ]?0[xX][0-9a-fA-F]+|[-+ ]?0[bB][01]+|[-+ ]?0[oO][0-7]+),(?P<slaveErr>[-+ ]?\\d+|[-+ ]?0[xX][0-9a-fA-F]+|[-+ ]?0[bB][01]+|[-+ ]?0[oO][0-7]+),(?P<recoveryBtnId>[-+ ]?\\d+|[-+ ]?0[xX][0-9a-fA-F]+|[-+ ]?0[bB][01]+|[-+ ]?0[oO][0-7]+),(?P<stepData>.+?),(?P<labwareName>\\w+),(?P<labwarePos>.+?)'
[2022-12-27 16:41:21,281] parse DEBUG format '{numField:d},{mainErrField:d},{slaveErr:d},{recoveryBtnId:d},{stepData},{labwareName:w},{labwarePos}' -> '(?P<numField>[-+ ]?\\d+|[-+ ]?0[xX][0-9a-fA-F]+|[-+ ]?0[bB][01]+|[-+ ]?0[oO][0-7]+),(?P<mainErrField>[-+ ]?\\d+|[-+ ]?0[xX][0-9a-fA-F]+|[-+ ]?0[bB][01]+|[-+ ]?0[oO][0-7]+),(?P<slaveErr>[-+ ]?\\d+|[-+ ]?0[xX][0-9a-fA-F]+|[-+ ]?0[bB][01]+|[-+ ]?0[oO][0-7]+),(?P<recoveryBtnId>[-+ ]?\\d+|[-+ ]?0[xX][0-9a-fA-F]+|[-+ ]?0[bB][01]+|[-+ ]?0[oO][0-7]+),(?P<stepData>.+?),(?P<labwareName>\\w+),(?P<labwarePos>.+?)'
[2022-12-27 16:41:21,281] parse DEBUG format '{numField:d},{mainErrField:d},{slaveErr:d},{recoveryBtnId:d},{stepData},{labwareName:w},{labwarePos}' -> '(?P<numField>[-+ ]?\\d+|[-+ ]?0[xX][0-9a-fA-F]+|[-+ ]?0[bB][01]+|[-+ ]?0[oO][0-7]+),(?P<mainErrField>[-+ ]?\\d+|[-+ ]?0[xX][0-9a-fA-F]+|[-+ ]?0[bB][01]+|[-+ ]?0[oO][0-7]+),(?P<slaveErr>[-+ ]?\\d+|[-+ ]?0[xX][0-9a-fA-F]+|[-+ ]?0[bB][01]+|[-+ ]?0[oO][0-7]+),(?P<recoveryBtnId>[-+ ]?\\d+|[-+ ]?0[xX][0-9a-fA-F]+|[-+ ]?0[bB][01]+|[-+ ]?0[oO][0-7]+),(?P<stepData>.+?),(?P<labwareName>\\w+),(?P<labwarePos>.+?)'
[2022-12-27 16:41:21,281] parse DEBUG format '{numField:d},{mainErrField:d},{slaveErr:d},{recoveryBtnId:d},{stepData},{labwareName:w},{labwarePos}' -> '(?P<numField>[-+ ]?\\d+|[-+ ]?0[xX][0-9a-fA-F]+|[-+ ]?0[bB][01]+|[-+ ]?0[oO][0-7]+),(?P<mainErrField>[-+ ]?\\d+|[-+ ]?0[xX][0-9a-fA-F]+|[-+ ]?0[bB][01]+|[-+ ]?0[oO][0-7]+),(?P<slaveErr>[-+ ]?\\d+|[-+ ]?0[xX][0-9a-fA-F]+|[-+ ]?0[bB][01]+|[-+ ]?0[oO][0-7]+),(?P<recoveryBtnId>[-+ ]?\\d+|[-+ ]?0[xX][0-9a-fA-F]+|[-+ ]?0[bB][01]+|[-+ ]?0[oO][0-7]+),(?P<stepData>.+?),(?P<labwareName>\\w+),(?P<labwarePos>.+?)'
[2022-12-27 16:41:21,281] root INFO move_plate: Moving plate plate_0 to plate_1
[2022-12-27 16:41:21,281] pyhamilton.interface INFO sending end run command to simulator
[2022-12-27 16:41:22,784] pyhamilton.interface ERROR HamiltonTimeoutError('Timed out after 1.5 sec while waiting for response id 0x0')
[2022-12-27 16:41:22,784] pyhamilton.interface INFO disconnected from server
[2022-12-27 16:41:22,893] pyhamilton.interface INFO server did not exit yet, sending dummy request to exit its loop
[2022-12-27 16:41:22,893] urllib3.util.retry DEBUG Converted retries value: 20 -> Retry(total=20, connect=None, read=None, redirect=None, status=None)
[2022-12-27 16:41:22,897] urllib3.connectionpool DEBUG Starting new HTTP connection (1): 127.0.0.1:3221
[2022-12-27 16:41:22,898] urllib3.connectionpool DEBUG http://127.0.0.1:3221 "GET / HTTP/1.1" 200 None
[2022-12-27 16:41:22,898] pyhamilton.interface INFO dummy get request sent to server
[2022-12-27 16:41:22,899] pyhamilton.interface INFO server thread exited
[2022-12-27 16:41:22,899] root ERROR Traceback (most recent call last):
[2022-12-27 16:41:22,900] root ERROR   File "C:\Users\stefa\cmplx\robot_method.py", line 38, in <module>
[2022-12-27 16:41:22,901] root ERROR iswap_move_wide_grip(ham_int, plates[0], plates[1])
[2022-12-27 16:41:22,901] root ERROR   File "C:\Users\stefa\cmplx\robot_method.py", line 32, in iswap_move_wide_grip
[2022-12-27 16:41:22,902] root ERROR move_plate(ham_int, source, destination, 12, 123.7, gripMode=1, openWidth=132, CmplxGetDict=CmplxGetDict, CmplxPlaceDict = CmplxPlaceDict)
[2022-12-27 16:41:22,902] root ERROR   File "c:\users\stefa\pyhamilton\pyhamilton\liquid_handling_wrappers.py", line 72, in move_plate
[2022-12-27 16:41:22,902] root ERROR for inv in try_inversions:
[2022-12-27 16:41:22,902] root ERROR TypeError
[2022-12-27 16:41:22,902] root ERROR : 
[2022-12-27 16:41:22,902] root ERROR 'float' object is not iterable
[2022-12-27 16:43:39,960] root INFO ###################################################################
[2022-12-27 16:43:39,961] root INFO #                                                                 #
[2022-12-27 16:43:39,961] root INFO #     Begin execution of C:\Users\stefa\cmplx\robot_method.py     #
[2022-12-27 16:43:39,961] root INFO #                                                                 #
[2022-12-27 16:43:39,961] root INFO ###################################################################
[2022-12-27 16:43:39,961] pyhamilton.interface INFO starting a Hamilton interface
[2022-12-27 16:43:39,961] pyhamilton.interface INFO started the oem application for simulation
[2022-12-27 16:43:39,961] pyhamilton.interface INFO started the server thread
[2022-12-27 16:43:39,961] root INFO initialize: synchronously initialize the robot
[2022-12-27 16:43:57,121] parse DEBUG format '{numField:d},{mainErrField:d},{slaveErr:d},{recoveryBtnId:d},{stepData},{labwareName:w},{labwarePos}' -> '(?P<numField>[-+ ]?\\d+|[-+ ]?0[xX][0-9a-fA-F]+|[-+ ]?0[bB][01]+|[-+ ]?0[oO][0-7]+),(?P<mainErrField>[-+ ]?\\d+|[-+ ]?0[xX][0-9a-fA-F]+|[-+ ]?0[bB][01]+|[-+ ]?0[oO][0-7]+),(?P<slaveErr>[-+ ]?\\d+|[-+ ]?0[xX][0-9a-fA-F]+|[-+ ]?0[bB][01]+|[-+ ]?0[oO][0-7]+),(?P<recoveryBtnId>[-+ ]?\\d+|[-+ ]?0[xX][0-9a-fA-F]+|[-+ ]?0[bB][01]+|[-+ ]?0[oO][0-7]+),(?P<stepData>.+?),(?P<labwareName>\\w+),(?P<labwarePos>.+?)'
[2022-12-27 16:43:57,124] parse DEBUG format '{numField:d},{mainErrField:d},{slaveErr:d},{recoveryBtnId:d},{stepData},{labwareName:w},{labwarePos}' -> '(?P<numField>[-+ ]?\\d+|[-+ ]?0[xX][0-9a-fA-F]+|[-+ ]?0[bB][01]+|[-+ ]?0[oO][0-7]+),(?P<mainErrField>[-+ ]?\\d+|[-+ ]?0[xX][0-9a-fA-F]+|[-+ ]?0[bB][01]+|[-+ ]?0[oO][0-7]+),(?P<slaveErr>[-+ ]?\\d+|[-+ ]?0[xX][0-9a-fA-F]+|[-+ ]?0[bB][01]+|[-+ ]?0[oO][0-7]+),(?P<recoveryBtnId>[-+ ]?\\d+|[-+ ]?0[xX][0-9a-fA-F]+|[-+ ]?0[bB][01]+|[-+ ]?0[oO][0-7]+),(?P<stepData>.+?),(?P<labwareName>\\w+),(?P<labwarePos>.+?)'
[2022-12-27 16:43:57,124] parse DEBUG format '{numField:d},{mainErrField:d},{slaveErr:d},{recoveryBtnId:d},{stepData},{labwareName:w},{labwarePos}' -> '(?P<numField>[-+ ]?\\d+|[-+ ]?0[xX][0-9a-fA-F]+|[-+ ]?0[bB][01]+|[-+ ]?0[oO][0-7]+),(?P<mainErrField>[-+ ]?\\d+|[-+ ]?0[xX][0-9a-fA-F]+|[-+ ]?0[bB][01]+|[-+ ]?0[oO][0-7]+),(?P<slaveErr>[-+ ]?\\d+|[-+ ]?0[xX][0-9a-fA-F]+|[-+ ]?0[bB][01]+|[-+ ]?0[oO][0-7]+),(?P<recoveryBtnId>[-+ ]?\\d+|[-+ ]?0[xX][0-9a-fA-F]+|[-+ ]?0[bB][01]+|[-+ ]?0[oO][0-7]+),(?P<stepData>.+?),(?P<labwareName>\\w+),(?P<labwarePos>.+?)'
[2022-12-27 16:43:57,125] parse DEBUG format '{numField:d},{mainErrField:d},{slaveErr:d},{recoveryBtnId:d},{stepData},{labwareName:w},{labwarePos}' -> '(?P<numField>[-+ ]?\\d+|[-+ ]?0[xX][0-9a-fA-F]+|[-+ ]?0[bB][01]+|[-+ ]?0[oO][0-7]+),(?P<mainErrField>[-+ ]?\\d+|[-+ ]?0[xX][0-9a-fA-F]+|[-+ ]?0[bB][01]+|[-+ ]?0[oO][0-7]+),(?P<slaveErr>[-+ ]?\\d+|[-+ ]?0[xX][0-9a-fA-F]+|[-+ ]?0[bB][01]+|[-+ ]?0[oO][0-7]+),(?P<recoveryBtnId>[-+ ]?\\d+|[-+ ]?0[xX][0-9a-fA-F]+|[-+ ]?0[bB][01]+|[-+ ]?0[oO][0-7]+),(?P<stepData>.+?),(?P<labwareName>\\w+),(?P<labwarePos>.+?)'
[2022-12-27 16:43:57,125] parse DEBUG format '{numField:d},{mainErrField:d},{slaveErr:d},{recoveryBtnId:d},{stepData},{labwareName:w},{labwarePos}' -> '(?P<numField>[-+ ]?\\d+|[-+ ]?0[xX][0-9a-fA-F]+|[-+ ]?0[bB][01]+|[-+ ]?0[oO][0-7]+),(?P<mainErrField>[-+ ]?\\d+|[-+ ]?0[xX][0-9a-fA-F]+|[-+ ]?0[bB][01]+|[-+ ]?0[oO][0-7]+),(?P<slaveErr>[-+ ]?\\d+|[-+ ]?0[xX][0-9a-fA-F]+|[-+ ]?0[bB][01]+|[-+ ]?0[oO][0-7]+),(?P<recoveryBtnId>[-+ ]?\\d+|[-+ ]?0[xX][0-9a-fA-F]+|[-+ ]?0[bB][01]+|[-+ ]?0[oO][0-7]+),(?P<stepData>.+?),(?P<labwareName>\\w+),(?P<labwarePos>.+?)'
[2022-12-27 16:43:57,125] parse DEBUG format '{numField:d},{mainErrField:d},{slaveErr:d},{recoveryBtnId:d},{stepData},{labwareName:w},{labwarePos}' -> '(?P<numField>[-+ ]?\\d+|[-+ ]?0[xX][0-9a-fA-F]+|[-+ ]?0[bB][01]+|[-+ ]?0[oO][0-7]+),(?P<mainErrField>[-+ ]?\\d+|[-+ ]?0[xX][0-9a-fA-F]+|[-+ ]?0[bB][01]+|[-+ ]?0[oO][0-7]+),(?P<slaveErr>[-+ ]?\\d+|[-+ ]?0[xX][0-9a-fA-F]+|[-+ ]?0[bB][01]+|[-+ ]?0[oO][0-7]+),(?P<recoveryBtnId>[-+ ]?\\d+|[-+ ]?0[xX][0-9a-fA-F]+|[-+ ]?0[bB][01]+|[-+ ]?0[oO][0-7]+),(?P<stepData>.+?),(?P<labwareName>\\w+),(?P<labwarePos>.+?)'
[2022-12-27 16:43:57,125] parse DEBUG format '{numField:d},{mainErrField:d},{slaveErr:d},{recoveryBtnId:d},{stepData},{labwareName:w},{labwarePos}' -> '(?P<numField>[-+ ]?\\d+|[-+ ]?0[xX][0-9a-fA-F]+|[-+ ]?0[bB][01]+|[-+ ]?0[oO][0-7]+),(?P<mainErrField>[-+ ]?\\d+|[-+ ]?0[xX][0-9a-fA-F]+|[-+ ]?0[bB][01]+|[-+ ]?0[oO][0-7]+),(?P<slaveErr>[-+ ]?\\d+|[-+ ]?0[xX][0-9a-fA-F]+|[-+ ]?0[bB][01]+|[-+ ]?0[oO][0-7]+),(?P<recoveryBtnId>[-+ ]?\\d+|[-+ ]?0[xX][0-9a-fA-F]+|[-+ ]?0[bB][01]+|[-+ ]?0[oO][0-7]+),(?P<stepData>.+?),(?P<labwareName>\\w+),(?P<labwarePos>.+?)'
[2022-12-27 16:43:57,125] parse DEBUG format '{numField:d},{mainErrField:d},{slaveErr:d},{recoveryBtnId:d},{stepData},{labwareName:w},{labwarePos}' -> '(?P<numField>[-+ ]?\\d+|[-+ ]?0[xX][0-9a-fA-F]+|[-+ ]?0[bB][01]+|[-+ ]?0[oO][0-7]+),(?P<mainErrField>[-+ ]?\\d+|[-+ ]?0[xX][0-9a-fA-F]+|[-+ ]?0[bB][01]+|[-+ ]?0[oO][0-7]+),(?P<slaveErr>[-+ ]?\\d+|[-+ ]?0[xX][0-9a-fA-F]+|[-+ ]?0[bB][01]+|[-+ ]?0[oO][0-7]+),(?P<recoveryBtnId>[-+ ]?\\d+|[-+ ]?0[xX][0-9a-fA-F]+|[-+ ]?0[bB][01]+|[-+ ]?0[oO][0-7]+),(?P<stepData>.+?),(?P<labwareName>\\w+),(?P<labwarePos>.+?)'
[2022-12-27 16:43:57,125] root INFO move_plate: Moving plate plate_0 to plate_1
[2022-12-27 16:43:57,125] pyhamilton.interface INFO sending end run command to simulator
[2022-12-27 16:43:58,639] pyhamilton.interface ERROR HamiltonTimeoutError('Timed out after 1.5 sec while waiting for response id 0x0')
[2022-12-27 16:43:58,640] pyhamilton.interface INFO disconnected from server
[2022-12-27 16:43:58,746] pyhamilton.interface INFO server did not exit yet, sending dummy request to exit its loop
[2022-12-27 16:43:58,746] urllib3.util.retry DEBUG Converted retries value: 20 -> Retry(total=20, connect=None, read=None, redirect=None, status=None)
[2022-12-27 16:43:58,749] urllib3.connectionpool DEBUG Starting new HTTP connection (1): 127.0.0.1:3221
[2022-12-27 16:43:58,750] urllib3.connectionpool DEBUG http://127.0.0.1:3221 "GET / HTTP/1.1" 200 None
[2022-12-27 16:43:58,750] pyhamilton.interface INFO dummy get request sent to server
[2022-12-27 16:43:58,750] pyhamilton.interface INFO server thread exited
[2022-12-27 16:43:58,750] root ERROR Traceback (most recent call last):
[2022-12-27 16:43:58,751] root ERROR   File "C:\Users\stefa\cmplx\robot_method.py", line 38, in <module>
[2022-12-27 16:43:58,751] root ERROR iswap_move_wide_grip(ham_int, plates[0], plates[1])
[2022-12-27 16:43:58,751] root ERROR   File "C:\Users\stefa\cmplx\robot_method.py", line 32, in iswap_move_wide_grip
[2022-12-27 16:43:58,751] root ERROR move_plate(ham_int, source, destination, gripHeight = 12, gripWidth = 123.7, gripMode=1, openWidth=132, CmplxGetDict=CmplxGetDict, CmplxPlaceDict = CmplxPlaceDict)
[2022-12-27 16:43:58,751] root ERROR   File "c:\users\stefa\pyhamilton\pyhamilton\liquid_handling_wrappers.py", line 73, in move_plate
[2022-12-27 16:43:58,751] root ERROR cid = ham.send_command(ISWAP_GET, plateLabwarePositions=src_pos, gripHeight=gripHeight, widthBefore=widthBefore, inverseGrip=inv, **more_options)
[2022-12-27 16:43:58,751] root ERROR   File "c:\users\stefa\pyhamilton\pyhamilton\interface.py", line 620, in send_command
[2022-12-27 16:43:58,751] root ERROR send_cmd_dict = template.assemble_cmd(**cmd_dict)
[2022-12-27 16:43:58,753] root ERROR   File "c:\users\stefa\pyhamilton\pyhamilton\interface.py", line 67, in assemble_cmd
[2022-12-27 16:43:58,753] root ERROR self.assert_valid_cmd(assembled_cmd)
[2022-12-27 16:43:58,753] root ERROR   File "c:\users\stefa\pyhamilton\pyhamilton\interface.py", line 115, in assert_valid_cmd
[2022-12-27 16:43:58,753] root ERROR raise ValueError('\n'.join(prints))
[2022-12-27 16:43:58,753] root ERROR ValueError
[2022-12-27 16:43:58,753] root ERROR : 
[2022-12-27 16:43:58,753] root ERROR Assert valid command "iSwapGet" failed: template parameter keys (left) do not match given keys (right)    collisionControl             (?)  CmplxGetDict    command                      (?)  CmplxPlaceDict    gripForce                   collisionControl    gripHeight                  command    gripMode                    gripForce    gripWidth                   gripHeight    id                          gripMode    inverseGrip                 gripWidth    labwareOrientation          id    lidLabwarePositions         inverseGrip    lidSequence                 labwareOrientation    liftUpHeight                lidLabwarePositions    movementType                lidSequence    plateLabwarePositions       liftUpHeight    plateSequence               movementType    retractDistance              (?)  openWidth    sequenceCounting            plateLabwarePositions    tolerance                   plateSequence    toolSequence                retractDistance    transportMode               sequenceCounting    widthBefore                 tolerance                                toolSequence                                transportMode                                widthBefore
[2022-12-27 16:54:36,980] root INFO ###################################################################
[2022-12-27 16:54:36,981] root INFO #                                                                 #
[2022-12-27 16:54:36,981] root INFO #     Begin execution of C:\Users\stefa\cmplx\robot_method.py     #
[2022-12-27 16:54:36,981] root INFO #                                                                 #
[2022-12-27 16:54:36,981] root INFO ###################################################################
[2022-12-27 16:54:36,981] pyhamilton.interface INFO starting a Hamilton interface
[2022-12-27 16:54:36,981] pyhamilton.interface INFO started the oem application for simulation
[2022-12-27 16:54:36,981] pyhamilton.interface INFO started the server thread
[2022-12-27 16:54:36,981] root INFO initialize: synchronously initialize the robot
[2022-12-27 16:54:54,158] parse DEBUG format '{numField:d},{mainErrField:d},{slaveErr:d},{recoveryBtnId:d},{stepData},{labwareName:w},{labwarePos}' -> '(?P<numField>[-+ ]?\\d+|[-+ ]?0[xX][0-9a-fA-F]+|[-+ ]?0[bB][01]+|[-+ ]?0[oO][0-7]+),(?P<mainErrField>[-+ ]?\\d+|[-+ ]?0[xX][0-9a-fA-F]+|[-+ ]?0[bB][01]+|[-+ ]?0[oO][0-7]+),(?P<slaveErr>[-+ ]?\\d+|[-+ ]?0[xX][0-9a-fA-F]+|[-+ ]?0[bB][01]+|[-+ ]?0[oO][0-7]+),(?P<recoveryBtnId>[-+ ]?\\d+|[-+ ]?0[xX][0-9a-fA-F]+|[-+ ]?0[bB][01]+|[-+ ]?0[oO][0-7]+),(?P<stepData>.+?),(?P<labwareName>\\w+),(?P<labwarePos>.+?)'
[2022-12-27 16:54:54,163] parse DEBUG format '{numField:d},{mainErrField:d},{slaveErr:d},{recoveryBtnId:d},{stepData},{labwareName:w},{labwarePos}' -> '(?P<numField>[-+ ]?\\d+|[-+ ]?0[xX][0-9a-fA-F]+|[-+ ]?0[bB][01]+|[-+ ]?0[oO][0-7]+),(?P<mainErrField>[-+ ]?\\d+|[-+ ]?0[xX][0-9a-fA-F]+|[-+ ]?0[bB][01]+|[-+ ]?0[oO][0-7]+),(?P<slaveErr>[-+ ]?\\d+|[-+ ]?0[xX][0-9a-fA-F]+|[-+ ]?0[bB][01]+|[-+ ]?0[oO][0-7]+),(?P<recoveryBtnId>[-+ ]?\\d+|[-+ ]?0[xX][0-9a-fA-F]+|[-+ ]?0[bB][01]+|[-+ ]?0[oO][0-7]+),(?P<stepData>.+?),(?P<labwareName>\\w+),(?P<labwarePos>.+?)'
[2022-12-27 16:54:54,163] parse DEBUG format '{numField:d},{mainErrField:d},{slaveErr:d},{recoveryBtnId:d},{stepData},{labwareName:w},{labwarePos}' -> '(?P<numField>[-+ ]?\\d+|[-+ ]?0[xX][0-9a-fA-F]+|[-+ ]?0[bB][01]+|[-+ ]?0[oO][0-7]+),(?P<mainErrField>[-+ ]?\\d+|[-+ ]?0[xX][0-9a-fA-F]+|[-+ ]?0[bB][01]+|[-+ ]?0[oO][0-7]+),(?P<slaveErr>[-+ ]?\\d+|[-+ ]?0[xX][0-9a-fA-F]+|[-+ ]?0[bB][01]+|[-+ ]?0[oO][0-7]+),(?P<recoveryBtnId>[-+ ]?\\d+|[-+ ]?0[xX][0-9a-fA-F]+|[-+ ]?0[bB][01]+|[-+ ]?0[oO][0-7]+),(?P<stepData>.+?),(?P<labwareName>\\w+),(?P<labwarePos>.+?)'
[2022-12-27 16:54:54,164] parse DEBUG format '{numField:d},{mainErrField:d},{slaveErr:d},{recoveryBtnId:d},{stepData},{labwareName:w},{labwarePos}' -> '(?P<numField>[-+ ]?\\d+|[-+ ]?0[xX][0-9a-fA-F]+|[-+ ]?0[bB][01]+|[-+ ]?0[oO][0-7]+),(?P<mainErrField>[-+ ]?\\d+|[-+ ]?0[xX][0-9a-fA-F]+|[-+ ]?0[bB][01]+|[-+ ]?0[oO][0-7]+),(?P<slaveErr>[-+ ]?\\d+|[-+ ]?0[xX][0-9a-fA-F]+|[-+ ]?0[bB][01]+|[-+ ]?0[oO][0-7]+),(?P<recoveryBtnId>[-+ ]?\\d+|[-+ ]?0[xX][0-9a-fA-F]+|[-+ ]?0[bB][01]+|[-+ ]?0[oO][0-7]+),(?P<stepData>.+?),(?P<labwareName>\\w+),(?P<labwarePos>.+?)'
[2022-12-27 16:54:54,164] parse DEBUG format '{numField:d},{mainErrField:d},{slaveErr:d},{recoveryBtnId:d},{stepData},{labwareName:w},{labwarePos}' -> '(?P<numField>[-+ ]?\\d+|[-+ ]?0[xX][0-9a-fA-F]+|[-+ ]?0[bB][01]+|[-+ ]?0[oO][0-7]+),(?P<mainErrField>[-+ ]?\\d+|[-+ ]?0[xX][0-9a-fA-F]+|[-+ ]?0[bB][01]+|[-+ ]?0[oO][0-7]+),(?P<slaveErr>[-+ ]?\\d+|[-+ ]?0[xX][0-9a-fA-F]+|[-+ ]?0[bB][01]+|[-+ ]?0[oO][0-7]+),(?P<recoveryBtnId>[-+ ]?\\d+|[-+ ]?0[xX][0-9a-fA-F]+|[-+ ]?0[bB][01]+|[-+ ]?0[oO][0-7]+),(?P<stepData>.+?),(?P<labwareName>\\w+),(?P<labwarePos>.+?)'
[2022-12-27 16:54:54,164] parse DEBUG format '{numField:d},{mainErrField:d},{slaveErr:d},{recoveryBtnId:d},{stepData},{labwareName:w},{labwarePos}' -> '(?P<numField>[-+ ]?\\d+|[-+ ]?0[xX][0-9a-fA-F]+|[-+ ]?0[bB][01]+|[-+ ]?0[oO][0-7]+),(?P<mainErrField>[-+ ]?\\d+|[-+ ]?0[xX][0-9a-fA-F]+|[-+ ]?0[bB][01]+|[-+ ]?0[oO][0-7]+),(?P<slaveErr>[-+ ]?\\d+|[-+ ]?0[xX][0-9a-fA-F]+|[-+ ]?0[bB][01]+|[-+ ]?0[oO][0-7]+),(?P<recoveryBtnId>[-+ ]?\\d+|[-+ ]?0[xX][0-9a-fA-F]+|[-+ ]?0[bB][01]+|[-+ ]?0[oO][0-7]+),(?P<stepData>.+?),(?P<labwareName>\\w+),(?P<labwarePos>.+?)'
[2022-12-27 16:54:54,165] parse DEBUG format '{numField:d},{mainErrField:d},{slaveErr:d},{recoveryBtnId:d},{stepData},{labwareName:w},{labwarePos}' -> '(?P<numField>[-+ ]?\\d+|[-+ ]?0[xX][0-9a-fA-F]+|[-+ ]?0[bB][01]+|[-+ ]?0[oO][0-7]+),(?P<mainErrField>[-+ ]?\\d+|[-+ ]?0[xX][0-9a-fA-F]+|[-+ ]?0[bB][01]+|[-+ ]?0[oO][0-7]+),(?P<slaveErr>[-+ ]?\\d+|[-+ ]?0[xX][0-9a-fA-F]+|[-+ ]?0[bB][01]+|[-+ ]?0[oO][0-7]+),(?P<recoveryBtnId>[-+ ]?\\d+|[-+ ]?0[xX][0-9a-fA-F]+|[-+ ]?0[bB][01]+|[-+ ]?0[oO][0-7]+),(?P<stepData>.+?),(?P<labwareName>\\w+),(?P<labwarePos>.+?)'
[2022-12-27 16:54:54,165] parse DEBUG format '{numField:d},{mainErrField:d},{slaveErr:d},{recoveryBtnId:d},{stepData},{labwareName:w},{labwarePos}' -> '(?P<numField>[-+ ]?\\d+|[-+ ]?0[xX][0-9a-fA-F]+|[-+ ]?0[bB][01]+|[-+ ]?0[oO][0-7]+),(?P<mainErrField>[-+ ]?\\d+|[-+ ]?0[xX][0-9a-fA-F]+|[-+ ]?0[bB][01]+|[-+ ]?0[oO][0-7]+),(?P<slaveErr>[-+ ]?\\d+|[-+ ]?0[xX][0-9a-fA-F]+|[-+ ]?0[bB][01]+|[-+ ]?0[oO][0-7]+),(?P<recoveryBtnId>[-+ ]?\\d+|[-+ ]?0[xX][0-9a-fA-F]+|[-+ ]?0[bB][01]+|[-+ ]?0[oO][0-7]+),(?P<stepData>.+?),(?P<labwareName>\\w+),(?P<labwarePos>.+?)'
[2022-12-27 16:54:54,165] root INFO move_plate: Moving plate plate_0 to plate_1
[2022-12-27 16:54:56,180] parse DEBUG format '{numField:d},{mainErrField:d},{slaveErr:d},{recoveryBtnId:d},{stepData},{labwareName:w},{labwarePos}' -> '(?P<numField>[-+ ]?\\d+|[-+ ]?0[xX][0-9a-fA-F]+|[-+ ]?0[bB][01]+|[-+ ]?0[oO][0-7]+),(?P<mainErrField>[-+ ]?\\d+|[-+ ]?0[xX][0-9a-fA-F]+|[-+ ]?0[bB][01]+|[-+ ]?0[oO][0-7]+),(?P<slaveErr>[-+ ]?\\d+|[-+ ]?0[xX][0-9a-fA-F]+|[-+ ]?0[bB][01]+|[-+ ]?0[oO][0-7]+),(?P<recoveryBtnId>[-+ ]?\\d+|[-+ ]?0[xX][0-9a-fA-F]+|[-+ ]?0[bB][01]+|[-+ ]?0[oO][0-7]+),(?P<stepData>.+?),(?P<labwareName>\\w+),(?P<labwarePos>.+?)'
[2022-12-27 16:54:56,180] pyhamilton.interface INFO sending end run command to simulator
[2022-12-27 16:54:57,686] pyhamilton.interface ERROR HamiltonTimeoutError('Timed out after 1.5 sec while waiting for response id 0x0')
[2022-12-27 16:54:57,686] pyhamilton.interface INFO disconnected from server
[2022-12-27 16:54:57,795] pyhamilton.interface INFO server did not exit yet, sending dummy request to exit its loop
[2022-12-27 16:54:57,795] urllib3.util.retry DEBUG Converted retries value: 20 -> Retry(total=20, connect=None, read=None, redirect=None, status=None)
[2022-12-27 16:54:57,799] urllib3.connectionpool DEBUG Starting new HTTP connection (1): 127.0.0.1:3221
[2022-12-27 16:54:57,799] urllib3.connectionpool DEBUG http://127.0.0.1:3221 "GET / HTTP/1.1" 200 None
[2022-12-27 16:54:57,800] pyhamilton.interface INFO dummy get request sent to server
[2022-12-27 16:54:57,800] pyhamilton.interface INFO server thread exited
[2022-12-27 16:54:57,800] root ERROR Traceback (most recent call last):
[2022-12-27 16:54:57,800] root ERROR   File "C:\Users\stefa\cmplx\robot_method.py", line 102, in <module>
[2022-12-27 16:54:57,800] root ERROR iswap_move_wide_grip(ham_int, plates[0], plates[1])
[2022-12-27 16:54:57,801] root ERROR   File "C:\Users\stefa\cmplx\robot_method.py", line 96, in iswap_move_wide_grip
[2022-12-27 16:54:57,802] root ERROR move_plate(ham_int, source, destination, gripHeight = 12, gripWidth = 123.7, gripMode=1, openWidth=132, CmplxGetDict=CmplxGetDict, CmplxPlaceDict = CmplxPlaceDict)
[2022-12-27 16:54:57,802] root ERROR   File "C:\Users\stefa\cmplx\robot_method.py", line 79, in move_plate
[2022-12-27 16:54:57,802] root ERROR cid = ham.send_command(ISWAP_PLACE, 
[2022-12-27 16:54:57,803] root ERROR   File "c:\users\stefa\pyhamilton\pyhamilton\interface.py", line 620, in send_command
[2022-12-27 16:54:57,803] root ERROR send_cmd_dict = template.assemble_cmd(**cmd_dict)
[2022-12-27 16:54:57,803] root ERROR   File "c:\users\stefa\pyhamilton\pyhamilton\interface.py", line 67, in assemble_cmd
[2022-12-27 16:54:57,803] root ERROR self.assert_valid_cmd(assembled_cmd)
[2022-12-27 16:54:57,804] root ERROR   File "c:\users\stefa\pyhamilton\pyhamilton\interface.py", line 115, in assert_valid_cmd
[2022-12-27 16:54:57,804] root ERROR raise ValueError('\n'.join(prints))
[2022-12-27 16:54:57,804] root ERROR ValueError
[2022-12-27 16:54:57,804] root ERROR : 
[2022-12-27 16:54:57,804] root ERROR Assert valid command "iSwapPlace" failed: template parameter keys (left) do not match given keys (right)    collisionControl            collisionControl    command                     command    id                          id    lidLabwarePositions          (?)  labwareOrientation    lidSequence                 lidLabwarePositions    liftUpHeight                lidSequence    movementType                liftUpHeight    plateLabwarePositions       movementType    plateSequence               plateLabwarePositions    retractDistance             plateSequence    sequenceCounting            retractDistance    toolSequence                sequenceCounting    transportMode               toolSequence                                transportMode
[2022-12-27 17:03:06,763] root INFO ###################################################################
[2022-12-27 17:03:06,764] root INFO #                                                                 #
[2022-12-27 17:03:06,764] root INFO #     Begin execution of C:\Users\stefa\cmplx\robot_method.py     #
[2022-12-27 17:03:06,764] root INFO #                                                                 #
[2022-12-27 17:03:06,764] root INFO ###################################################################
[2022-12-27 17:03:06,764] pyhamilton.interface INFO starting a Hamilton interface
[2022-12-27 17:03:06,764] pyhamilton.interface INFO started the oem application for simulation
[2022-12-27 17:03:06,764] pyhamilton.interface INFO started the server thread
[2022-12-27 17:03:06,764] root INFO initialize: synchronously initialize the robot
[2022-12-27 17:03:17,873] parse DEBUG format '{numField:d},{mainErrField:d},{slaveErr:d},{recoveryBtnId:d},{stepData},{labwareName:w},{labwarePos}' -> '(?P<numField>[-+ ]?\\d+|[-+ ]?0[xX][0-9a-fA-F]+|[-+ ]?0[bB][01]+|[-+ ]?0[oO][0-7]+),(?P<mainErrField>[-+ ]?\\d+|[-+ ]?0[xX][0-9a-fA-F]+|[-+ ]?0[bB][01]+|[-+ ]?0[oO][0-7]+),(?P<slaveErr>[-+ ]?\\d+|[-+ ]?0[xX][0-9a-fA-F]+|[-+ ]?0[bB][01]+|[-+ ]?0[oO][0-7]+),(?P<recoveryBtnId>[-+ ]?\\d+|[-+ ]?0[xX][0-9a-fA-F]+|[-+ ]?0[bB][01]+|[-+ ]?0[oO][0-7]+),(?P<stepData>.+?),(?P<labwareName>\\w+),(?P<labwarePos>.+?)'
[2022-12-27 17:03:17,876] parse DEBUG format '{numField:d},{mainErrField:d},{slaveErr:d},{recoveryBtnId:d},{stepData},{labwareName:w},{labwarePos}' -> '(?P<numField>[-+ ]?\\d+|[-+ ]?0[xX][0-9a-fA-F]+|[-+ ]?0[bB][01]+|[-+ ]?0[oO][0-7]+),(?P<mainErrField>[-+ ]?\\d+|[-+ ]?0[xX][0-9a-fA-F]+|[-+ ]?0[bB][01]+|[-+ ]?0[oO][0-7]+),(?P<slaveErr>[-+ ]?\\d+|[-+ ]?0[xX][0-9a-fA-F]+|[-+ ]?0[bB][01]+|[-+ ]?0[oO][0-7]+),(?P<recoveryBtnId>[-+ ]?\\d+|[-+ ]?0[xX][0-9a-fA-F]+|[-+ ]?0[bB][01]+|[-+ ]?0[oO][0-7]+),(?P<stepData>.+?),(?P<labwareName>\\w+),(?P<labwarePos>.+?)'
[2022-12-27 17:03:17,876] parse DEBUG format '{numField:d},{mainErrField:d},{slaveErr:d},{recoveryBtnId:d},{stepData},{labwareName:w},{labwarePos}' -> '(?P<numField>[-+ ]?\\d+|[-+ ]?0[xX][0-9a-fA-F]+|[-+ ]?0[bB][01]+|[-+ ]?0[oO][0-7]+),(?P<mainErrField>[-+ ]?\\d+|[-+ ]?0[xX][0-9a-fA-F]+|[-+ ]?0[bB][01]+|[-+ ]?0[oO][0-7]+),(?P<slaveErr>[-+ ]?\\d+|[-+ ]?0[xX][0-9a-fA-F]+|[-+ ]?0[bB][01]+|[-+ ]?0[oO][0-7]+),(?P<recoveryBtnId>[-+ ]?\\d+|[-+ ]?0[xX][0-9a-fA-F]+|[-+ ]?0[bB][01]+|[-+ ]?0[oO][0-7]+),(?P<stepData>.+?),(?P<labwareName>\\w+),(?P<labwarePos>.+?)'
[2022-12-27 17:03:17,877] parse DEBUG format '{numField:d},{mainErrField:d},{slaveErr:d},{recoveryBtnId:d},{stepData},{labwareName:w},{labwarePos}' -> '(?P<numField>[-+ ]?\\d+|[-+ ]?0[xX][0-9a-fA-F]+|[-+ ]?0[bB][01]+|[-+ ]?0[oO][0-7]+),(?P<mainErrField>[-+ ]?\\d+|[-+ ]?0[xX][0-9a-fA-F]+|[-+ ]?0[bB][01]+|[-+ ]?0[oO][0-7]+),(?P<slaveErr>[-+ ]?\\d+|[-+ ]?0[xX][0-9a-fA-F]+|[-+ ]?0[bB][01]+|[-+ ]?0[oO][0-7]+),(?P<recoveryBtnId>[-+ ]?\\d+|[-+ ]?0[xX][0-9a-fA-F]+|[-+ ]?0[bB][01]+|[-+ ]?0[oO][0-7]+),(?P<stepData>.+?),(?P<labwareName>\\w+),(?P<labwarePos>.+?)'
[2022-12-27 17:03:17,877] parse DEBUG format '{numField:d},{mainErrField:d},{slaveErr:d},{recoveryBtnId:d},{stepData},{labwareName:w},{labwarePos}' -> '(?P<numField>[-+ ]?\\d+|[-+ ]?0[xX][0-9a-fA-F]+|[-+ ]?0[bB][01]+|[-+ ]?0[oO][0-7]+),(?P<mainErrField>[-+ ]?\\d+|[-+ ]?0[xX][0-9a-fA-F]+|[-+ ]?0[bB][01]+|[-+ ]?0[oO][0-7]+),(?P<slaveErr>[-+ ]?\\d+|[-+ ]?0[xX][0-9a-fA-F]+|[-+ ]?0[bB][01]+|[-+ ]?0[oO][0-7]+),(?P<recoveryBtnId>[-+ ]?\\d+|[-+ ]?0[xX][0-9a-fA-F]+|[-+ ]?0[bB][01]+|[-+ ]?0[oO][0-7]+),(?P<stepData>.+?),(?P<labwareName>\\w+),(?P<labwarePos>.+?)'
[2022-12-27 17:03:17,878] parse DEBUG format '{numField:d},{mainErrField:d},{slaveErr:d},{recoveryBtnId:d},{stepData},{labwareName:w},{labwarePos}' -> '(?P<numField>[-+ ]?\\d+|[-+ ]?0[xX][0-9a-fA-F]+|[-+ ]?0[bB][01]+|[-+ ]?0[oO][0-7]+),(?P<mainErrField>[-+ ]?\\d+|[-+ ]?0[xX][0-9a-fA-F]+|[-+ ]?0[bB][01]+|[-+ ]?0[oO][0-7]+),(?P<slaveErr>[-+ ]?\\d+|[-+ ]?0[xX][0-9a-fA-F]+|[-+ ]?0[bB][01]+|[-+ ]?0[oO][0-7]+),(?P<recoveryBtnId>[-+ ]?\\d+|[-+ ]?0[xX][0-9a-fA-F]+|[-+ ]?0[bB][01]+|[-+ ]?0[oO][0-7]+),(?P<stepData>.+?),(?P<labwareName>\\w+),(?P<labwarePos>.+?)'
[2022-12-27 17:03:17,878] parse DEBUG format '{numField:d},{mainErrField:d},{slaveErr:d},{recoveryBtnId:d},{stepData},{labwareName:w},{labwarePos}' -> '(?P<numField>[-+ ]?\\d+|[-+ ]?0[xX][0-9a-fA-F]+|[-+ ]?0[bB][01]+|[-+ ]?0[oO][0-7]+),(?P<mainErrField>[-+ ]?\\d+|[-+ ]?0[xX][0-9a-fA-F]+|[-+ ]?0[bB][01]+|[-+ ]?0[oO][0-7]+),(?P<slaveErr>[-+ ]?\\d+|[-+ ]?0[xX][0-9a-fA-F]+|[-+ ]?0[bB][01]+|[-+ ]?0[oO][0-7]+),(?P<recoveryBtnId>[-+ ]?\\d+|[-+ ]?0[xX][0-9a-fA-F]+|[-+ ]?0[bB][01]+|[-+ ]?0[oO][0-7]+),(?P<stepData>.+?),(?P<labwareName>\\w+),(?P<labwarePos>.+?)'
[2022-12-27 17:03:17,878] parse DEBUG format '{numField:d},{mainErrField:d},{slaveErr:d},{recoveryBtnId:d},{stepData},{labwareName:w},{labwarePos}' -> '(?P<numField>[-+ ]?\\d+|[-+ ]?0[xX][0-9a-fA-F]+|[-+ ]?0[bB][01]+|[-+ ]?0[oO][0-7]+),(?P<mainErrField>[-+ ]?\\d+|[-+ ]?0[xX][0-9a-fA-F]+|[-+ ]?0[bB][01]+|[-+ ]?0[oO][0-7]+),(?P<slaveErr>[-+ ]?\\d+|[-+ ]?0[xX][0-9a-fA-F]+|[-+ ]?0[bB][01]+|[-+ ]?0[oO][0-7]+),(?P<recoveryBtnId>[-+ ]?\\d+|[-+ ]?0[xX][0-9a-fA-F]+|[-+ ]?0[bB][01]+|[-+ ]?0[oO][0-7]+),(?P<stepData>.+?),(?P<labwareName>\\w+),(?P<labwarePos>.+?)'
[2022-12-27 17:03:17,879] root INFO move_plate: Moving plate plate_0 to plate_1
[2022-12-27 17:03:18,882] parse DEBUG format '{numField:d},{mainErrField:d},{slaveErr:d},{recoveryBtnId:d},{stepData},{labwareName:w},{labwarePos}' -> '(?P<numField>[-+ ]?\\d+|[-+ ]?0[xX][0-9a-fA-F]+|[-+ ]?0[bB][01]+|[-+ ]?0[oO][0-7]+),(?P<mainErrField>[-+ ]?\\d+|[-+ ]?0[xX][0-9a-fA-F]+|[-+ ]?0[bB][01]+|[-+ ]?0[oO][0-7]+),(?P<slaveErr>[-+ ]?\\d+|[-+ ]?0[xX][0-9a-fA-F]+|[-+ ]?0[bB][01]+|[-+ ]?0[oO][0-7]+),(?P<recoveryBtnId>[-+ ]?\\d+|[-+ ]?0[xX][0-9a-fA-F]+|[-+ ]?0[bB][01]+|[-+ ]?0[oO][0-7]+),(?P<stepData>.+?),(?P<labwareName>\\w+),(?P<labwarePos>.+?)'
[2022-12-27 17:03:19,891] parse DEBUG format '{numField:d},{mainErrField:d},{slaveErr:d},{recoveryBtnId:d},{stepData},{labwareName:w},{labwarePos}' -> '(?P<numField>[-+ ]?\\d+|[-+ ]?0[xX][0-9a-fA-F]+|[-+ ]?0[bB][01]+|[-+ ]?0[oO][0-7]+),(?P<mainErrField>[-+ ]?\\d+|[-+ ]?0[xX][0-9a-fA-F]+|[-+ ]?0[bB][01]+|[-+ ]?0[oO][0-7]+),(?P<slaveErr>[-+ ]?\\d+|[-+ ]?0[xX][0-9a-fA-F]+|[-+ ]?0[bB][01]+|[-+ ]?0[oO][0-7]+),(?P<recoveryBtnId>[-+ ]?\\d+|[-+ ]?0[xX][0-9a-fA-F]+|[-+ ]?0[bB][01]+|[-+ ]?0[oO][0-7]+),(?P<stepData>.+?),(?P<labwareName>\\w+),(?P<labwarePos>.+?)'
[2022-12-27 17:03:19,891] pyhamilton.interface INFO sending end run command to simulator
[2022-12-27 17:03:21,397] pyhamilton.interface ERROR HamiltonTimeoutError('Timed out after 1.5 sec while waiting for response id 0x0')
[2022-12-27 17:03:21,397] pyhamilton.interface INFO disconnected from server
[2022-12-27 17:03:21,506] pyhamilton.interface INFO server did not exit yet, sending dummy request to exit its loop
[2022-12-27 17:03:21,506] urllib3.util.retry DEBUG Converted retries value: 20 -> Retry(total=20, connect=None, read=None, redirect=None, status=None)
[2022-12-27 17:03:21,509] urllib3.connectionpool DEBUG Starting new HTTP connection (1): 127.0.0.1:3221
[2022-12-27 17:03:21,510] urllib3.connectionpool DEBUG http://127.0.0.1:3221 "GET / HTTP/1.1" 200 None
[2022-12-27 17:03:21,510] pyhamilton.interface INFO dummy get request sent to server
[2022-12-27 17:03:21,510] pyhamilton.interface INFO server thread exited
[2022-12-27 17:11:29,405] root INFO ##############################################################################
[2022-12-27 17:11:29,405] root INFO #                                                                            #
[2022-12-27 17:11:29,405] root INFO #     Begin execution of C:\Users\stefa\Complex-Movement\robot_method.py     #
[2022-12-27 17:11:29,405] root INFO #                                                                            #
[2022-12-27 17:11:29,405] root INFO ##############################################################################
[2022-12-27 17:11:29,405] pyhamilton.interface INFO starting a Hamilton interface
[2022-12-27 17:11:29,405] pyhamilton.interface INFO started the oem application for simulation
[2022-12-27 17:11:29,406] pyhamilton.interface INFO started the server thread
[2022-12-27 17:11:29,406] root INFO initialize: synchronously initialize the robot
[2022-12-27 17:11:38,499] parse DEBUG format '{numField:d},{mainErrField:d},{slaveErr:d},{recoveryBtnId:d},{stepData},{labwareName:w},{labwarePos}' -> '(?P<numField>[-+ ]?\\d+|[-+ ]?0[xX][0-9a-fA-F]+|[-+ ]?0[bB][01]+|[-+ ]?0[oO][0-7]+),(?P<mainErrField>[-+ ]?\\d+|[-+ ]?0[xX][0-9a-fA-F]+|[-+ ]?0[bB][01]+|[-+ ]?0[oO][0-7]+),(?P<slaveErr>[-+ ]?\\d+|[-+ ]?0[xX][0-9a-fA-F]+|[-+ ]?0[bB][01]+|[-+ ]?0[oO][0-7]+),(?P<recoveryBtnId>[-+ ]?\\d+|[-+ ]?0[xX][0-9a-fA-F]+|[-+ ]?0[bB][01]+|[-+ ]?0[oO][0-7]+),(?P<stepData>.+?),(?P<labwareName>\\w+),(?P<labwarePos>.+?)'
[2022-12-27 17:11:38,500] parse DEBUG format '{numField:d},{mainErrField:d},{slaveErr:d},{recoveryBtnId:d},{stepData},{labwareName:w},{labwarePos}' -> '(?P<numField>[-+ ]?\\d+|[-+ ]?0[xX][0-9a-fA-F]+|[-+ ]?0[bB][01]+|[-+ ]?0[oO][0-7]+),(?P<mainErrField>[-+ ]?\\d+|[-+ ]?0[xX][0-9a-fA-F]+|[-+ ]?0[bB][01]+|[-+ ]?0[oO][0-7]+),(?P<slaveErr>[-+ ]?\\d+|[-+ ]?0[xX][0-9a-fA-F]+|[-+ ]?0[bB][01]+|[-+ ]?0[oO][0-7]+),(?P<recoveryBtnId>[-+ ]?\\d+|[-+ ]?0[xX][0-9a-fA-F]+|[-+ ]?0[bB][01]+|[-+ ]?0[oO][0-7]+),(?P<stepData>.+?),(?P<labwareName>\\w+),(?P<labwarePos>.+?)'
[2022-12-27 17:11:38,500] parse DEBUG format '{numField:d},{mainErrField:d},{slaveErr:d},{recoveryBtnId:d},{stepData},{labwareName:w},{labwarePos}' -> '(?P<numField>[-+ ]?\\d+|[-+ ]?0[xX][0-9a-fA-F]+|[-+ ]?0[bB][01]+|[-+ ]?0[oO][0-7]+),(?P<mainErrField>[-+ ]?\\d+|[-+ ]?0[xX][0-9a-fA-F]+|[-+ ]?0[bB][01]+|[-+ ]?0[oO][0-7]+),(?P<slaveErr>[-+ ]?\\d+|[-+ ]?0[xX][0-9a-fA-F]+|[-+ ]?0[bB][01]+|[-+ ]?0[oO][0-7]+),(?P<recoveryBtnId>[-+ ]?\\d+|[-+ ]?0[xX][0-9a-fA-F]+|[-+ ]?0[bB][01]+|[-+ ]?0[oO][0-7]+),(?P<stepData>.+?),(?P<labwareName>\\w+),(?P<labwarePos>.+?)'
[2022-12-27 17:11:38,501] parse DEBUG format '{numField:d},{mainErrField:d},{slaveErr:d},{recoveryBtnId:d},{stepData},{labwareName:w},{labwarePos}' -> '(?P<numField>[-+ ]?\\d+|[-+ ]?0[xX][0-9a-fA-F]+|[-+ ]?0[bB][01]+|[-+ ]?0[oO][0-7]+),(?P<mainErrField>[-+ ]?\\d+|[-+ ]?0[xX][0-9a-fA-F]+|[-+ ]?0[bB][01]+|[-+ ]?0[oO][0-7]+),(?P<slaveErr>[-+ ]?\\d+|[-+ ]?0[xX][0-9a-fA-F]+|[-+ ]?0[bB][01]+|[-+ ]?0[oO][0-7]+),(?P<recoveryBtnId>[-+ ]?\\d+|[-+ ]?0[xX][0-9a-fA-F]+|[-+ ]?0[bB][01]+|[-+ ]?0[oO][0-7]+),(?P<stepData>.+?),(?P<labwareName>\\w+),(?P<labwarePos>.+?)'
[2022-12-27 17:11:38,501] parse DEBUG format '{numField:d},{mainErrField:d},{slaveErr:d},{recoveryBtnId:d},{stepData},{labwareName:w},{labwarePos}' -> '(?P<numField>[-+ ]?\\d+|[-+ ]?0[xX][0-9a-fA-F]+|[-+ ]?0[bB][01]+|[-+ ]?0[oO][0-7]+),(?P<mainErrField>[-+ ]?\\d+|[-+ ]?0[xX][0-9a-fA-F]+|[-+ ]?0[bB][01]+|[-+ ]?0[oO][0-7]+),(?P<slaveErr>[-+ ]?\\d+|[-+ ]?0[xX][0-9a-fA-F]+|[-+ ]?0[bB][01]+|[-+ ]?0[oO][0-7]+),(?P<recoveryBtnId>[-+ ]?\\d+|[-+ ]?0[xX][0-9a-fA-F]+|[-+ ]?0[bB][01]+|[-+ ]?0[oO][0-7]+),(?P<stepData>.+?),(?P<labwareName>\\w+),(?P<labwarePos>.+?)'
[2022-12-27 17:11:38,501] parse DEBUG format '{numField:d},{mainErrField:d},{slaveErr:d},{recoveryBtnId:d},{stepData},{labwareName:w},{labwarePos}' -> '(?P<numField>[-+ ]?\\d+|[-+ ]?0[xX][0-9a-fA-F]+|[-+ ]?0[bB][01]+|[-+ ]?0[oO][0-7]+),(?P<mainErrField>[-+ ]?\\d+|[-+ ]?0[xX][0-9a-fA-F]+|[-+ ]?0[bB][01]+|[-+ ]?0[oO][0-7]+),(?P<slaveErr>[-+ ]?\\d+|[-+ ]?0[xX][0-9a-fA-F]+|[-+ ]?0[bB][01]+|[-+ ]?0[oO][0-7]+),(?P<recoveryBtnId>[-+ ]?\\d+|[-+ ]?0[xX][0-9a-fA-F]+|[-+ ]?0[bB][01]+|[-+ ]?0[oO][0-7]+),(?P<stepData>.+?),(?P<labwareName>\\w+),(?P<labwarePos>.+?)'
[2022-12-27 17:11:38,501] parse DEBUG format '{numField:d},{mainErrField:d},{slaveErr:d},{recoveryBtnId:d},{stepData},{labwareName:w},{labwarePos}' -> '(?P<numField>[-+ ]?\\d+|[-+ ]?0[xX][0-9a-fA-F]+|[-+ ]?0[bB][01]+|[-+ ]?0[oO][0-7]+),(?P<mainErrField>[-+ ]?\\d+|[-+ ]?0[xX][0-9a-fA-F]+|[-+ ]?0[bB][01]+|[-+ ]?0[oO][0-7]+),(?P<slaveErr>[-+ ]?\\d+|[-+ ]?0[xX][0-9a-fA-F]+|[-+ ]?0[bB][01]+|[-+ ]?0[oO][0-7]+),(?P<recoveryBtnId>[-+ ]?\\d+|[-+ ]?0[xX][0-9a-fA-F]+|[-+ ]?0[bB][01]+|[-+ ]?0[oO][0-7]+),(?P<stepData>.+?),(?P<labwareName>\\w+),(?P<labwarePos>.+?)'
[2022-12-27 17:11:38,501] parse DEBUG format '{numField:d},{mainErrField:d},{slaveErr:d},{recoveryBtnId:d},{stepData},{labwareName:w},{labwarePos}' -> '(?P<numField>[-+ ]?\\d+|[-+ ]?0[xX][0-9a-fA-F]+|[-+ ]?0[bB][01]+|[-+ ]?0[oO][0-7]+),(?P<mainErrField>[-+ ]?\\d+|[-+ ]?0[xX][0-9a-fA-F]+|[-+ ]?0[bB][01]+|[-+ ]?0[oO][0-7]+),(?P<slaveErr>[-+ ]?\\d+|[-+ ]?0[xX][0-9a-fA-F]+|[-+ ]?0[bB][01]+|[-+ ]?0[oO][0-7]+),(?P<recoveryBtnId>[-+ ]?\\d+|[-+ ]?0[xX][0-9a-fA-F]+|[-+ ]?0[bB][01]+|[-+ ]?0[oO][0-7]+),(?P<stepData>.+?),(?P<labwareName>\\w+),(?P<labwarePos>.+?)'
[2022-12-27 17:11:38,501] root INFO move_plate: Moving plate plate_0 to plate_1
[2022-12-27 17:11:39,514] parse DEBUG format '{numField:d},{mainErrField:d},{slaveErr:d},{recoveryBtnId:d},{stepData},{labwareName:w},{labwarePos}' -> '(?P<numField>[-+ ]?\\d+|[-+ ]?0[xX][0-9a-fA-F]+|[-+ ]?0[bB][01]+|[-+ ]?0[oO][0-7]+),(?P<mainErrField>[-+ ]?\\d+|[-+ ]?0[xX][0-9a-fA-F]+|[-+ ]?0[bB][01]+|[-+ ]?0[oO][0-7]+),(?P<slaveErr>[-+ ]?\\d+|[-+ ]?0[xX][0-9a-fA-F]+|[-+ ]?0[bB][01]+|[-+ ]?0[oO][0-7]+),(?P<recoveryBtnId>[-+ ]?\\d+|[-+ ]?0[xX][0-9a-fA-F]+|[-+ ]?0[bB][01]+|[-+ ]?0[oO][0-7]+),(?P<stepData>.+?),(?P<labwareName>\\w+),(?P<labwarePos>.+?)'
[2022-12-27 17:11:40,524] parse DEBUG format '{numField:d},{mainErrField:d},{slaveErr:d},{recoveryBtnId:d},{stepData},{labwareName:w},{labwarePos}' -> '(?P<numField>[-+ ]?\\d+|[-+ ]?0[xX][0-9a-fA-F]+|[-+ ]?0[bB][01]+|[-+ ]?0[oO][0-7]+),(?P<mainErrField>[-+ ]?\\d+|[-+ ]?0[xX][0-9a-fA-F]+|[-+ ]?0[bB][01]+|[-+ ]?0[oO][0-7]+),(?P<slaveErr>[-+ ]?\\d+|[-+ ]?0[xX][0-9a-fA-F]+|[-+ ]?0[bB][01]+|[-+ ]?0[oO][0-7]+),(?P<recoveryBtnId>[-+ ]?\\d+|[-+ ]?0[xX][0-9a-fA-F]+|[-+ ]?0[bB][01]+|[-+ ]?0[oO][0-7]+),(?P<stepData>.+?),(?P<labwareName>\\w+),(?P<labwarePos>.+?)'
[2022-12-27 17:11:40,524] pyhamilton.interface INFO sending end run command to simulator
[2022-12-27 17:11:42,028] pyhamilton.interface ERROR HamiltonTimeoutError('Timed out after 1.5 sec while waiting for response id 0x0')
[2022-12-27 17:11:42,029] pyhamilton.interface INFO disconnected from server
[2022-12-27 17:11:42,136] pyhamilton.interface INFO server did not exit yet, sending dummy request to exit its loop
[2022-12-27 17:11:42,136] urllib3.util.retry DEBUG Converted retries value: 20 -> Retry(total=20, connect=None, read=None, redirect=None, status=None)
[2022-12-27 17:11:42,139] urllib3.connectionpool DEBUG Starting new HTTP connection (1): 127.0.0.1:3221
[2022-12-27 17:11:42,139] urllib3.connectionpool DEBUG http://127.0.0.1:3221 "GET / HTTP/1.1" 200 None
[2022-12-27 17:11:42,140] pyhamilton.interface INFO dummy get request sent to server
[2022-12-27 17:11:42,140] pyhamilton.interface INFO server thread exited
[2022-12-27 17:39:24,413] root INFO ##############################################################################
[2022-12-27 17:39:24,413] root INFO #                                                                            #
[2022-12-27 17:39:24,413] root INFO #     Begin execution of C:\Users\stefa\Complex-Movement\robot_method.py     #
[2022-12-27 17:39:24,413] root INFO #                                                                            #
[2022-12-27 17:39:24,413] root INFO ##############################################################################
[2022-12-27 17:39:24,413] pyhamilton.interface INFO starting a Hamilton interface
[2022-12-27 17:39:24,413] pyhamilton.interface INFO started the oem application for simulation
[2022-12-27 17:39:24,413] pyhamilton.interface INFO started the server thread
[2022-12-27 17:39:24,413] root INFO initialize: synchronously initialize the robot
[2022-12-27 17:39:37,529] parse DEBUG format '{numField:d},{mainErrField:d},{slaveErr:d},{recoveryBtnId:d},{stepData},{labwareName:w},{labwarePos}' -> '(?P<numField>[-+ ]?\\d+|[-+ ]?0[xX][0-9a-fA-F]+|[-+ ]?0[bB][01]+|[-+ ]?0[oO][0-7]+),(?P<mainErrField>[-+ ]?\\d+|[-+ ]?0[xX][0-9a-fA-F]+|[-+ ]?0[bB][01]+|[-+ ]?0[oO][0-7]+),(?P<slaveErr>[-+ ]?\\d+|[-+ ]?0[xX][0-9a-fA-F]+|[-+ ]?0[bB][01]+|[-+ ]?0[oO][0-7]+),(?P<recoveryBtnId>[-+ ]?\\d+|[-+ ]?0[xX][0-9a-fA-F]+|[-+ ]?0[bB][01]+|[-+ ]?0[oO][0-7]+),(?P<stepData>.+?),(?P<labwareName>\\w+),(?P<labwarePos>.+?)'
[2022-12-27 17:39:37,530] parse DEBUG format '{numField:d},{mainErrField:d},{slaveErr:d},{recoveryBtnId:d},{stepData},{labwareName:w},{labwarePos}' -> '(?P<numField>[-+ ]?\\d+|[-+ ]?0[xX][0-9a-fA-F]+|[-+ ]?0[bB][01]+|[-+ ]?0[oO][0-7]+),(?P<mainErrField>[-+ ]?\\d+|[-+ ]?0[xX][0-9a-fA-F]+|[-+ ]?0[bB][01]+|[-+ ]?0[oO][0-7]+),(?P<slaveErr>[-+ ]?\\d+|[-+ ]?0[xX][0-9a-fA-F]+|[-+ ]?0[bB][01]+|[-+ ]?0[oO][0-7]+),(?P<recoveryBtnId>[-+ ]?\\d+|[-+ ]?0[xX][0-9a-fA-F]+|[-+ ]?0[bB][01]+|[-+ ]?0[oO][0-7]+),(?P<stepData>.+?),(?P<labwareName>\\w+),(?P<labwarePos>.+?)'
[2022-12-27 17:39:37,530] parse DEBUG format '{numField:d},{mainErrField:d},{slaveErr:d},{recoveryBtnId:d},{stepData},{labwareName:w},{labwarePos}' -> '(?P<numField>[-+ ]?\\d+|[-+ ]?0[xX][0-9a-fA-F]+|[-+ ]?0[bB][01]+|[-+ ]?0[oO][0-7]+),(?P<mainErrField>[-+ ]?\\d+|[-+ ]?0[xX][0-9a-fA-F]+|[-+ ]?0[bB][01]+|[-+ ]?0[oO][0-7]+),(?P<slaveErr>[-+ ]?\\d+|[-+ ]?0[xX][0-9a-fA-F]+|[-+ ]?0[bB][01]+|[-+ ]?0[oO][0-7]+),(?P<recoveryBtnId>[-+ ]?\\d+|[-+ ]?0[xX][0-9a-fA-F]+|[-+ ]?0[bB][01]+|[-+ ]?0[oO][0-7]+),(?P<stepData>.+?),(?P<labwareName>\\w+),(?P<labwarePos>.+?)'
[2022-12-27 17:39:37,531] parse DEBUG format '{numField:d},{mainErrField:d},{slaveErr:d},{recoveryBtnId:d},{stepData},{labwareName:w},{labwarePos}' -> '(?P<numField>[-+ ]?\\d+|[-+ ]?0[xX][0-9a-fA-F]+|[-+ ]?0[bB][01]+|[-+ ]?0[oO][0-7]+),(?P<mainErrField>[-+ ]?\\d+|[-+ ]?0[xX][0-9a-fA-F]+|[-+ ]?0[bB][01]+|[-+ ]?0[oO][0-7]+),(?P<slaveErr>[-+ ]?\\d+|[-+ ]?0[xX][0-9a-fA-F]+|[-+ ]?0[bB][01]+|[-+ ]?0[oO][0-7]+),(?P<recoveryBtnId>[-+ ]?\\d+|[-+ ]?0[xX][0-9a-fA-F]+|[-+ ]?0[bB][01]+|[-+ ]?0[oO][0-7]+),(?P<stepData>.+?),(?P<labwareName>\\w+),(?P<labwarePos>.+?)'
[2022-12-27 17:39:37,531] parse DEBUG format '{numField:d},{mainErrField:d},{slaveErr:d},{recoveryBtnId:d},{stepData},{labwareName:w},{labwarePos}' -> '(?P<numField>[-+ ]?\\d+|[-+ ]?0[xX][0-9a-fA-F]+|[-+ ]?0[bB][01]+|[-+ ]?0[oO][0-7]+),(?P<mainErrField>[-+ ]?\\d+|[-+ ]?0[xX][0-9a-fA-F]+|[-+ ]?0[bB][01]+|[-+ ]?0[oO][0-7]+),(?P<slaveErr>[-+ ]?\\d+|[-+ ]?0[xX][0-9a-fA-F]+|[-+ ]?0[bB][01]+|[-+ ]?0[oO][0-7]+),(?P<recoveryBtnId>[-+ ]?\\d+|[-+ ]?0[xX][0-9a-fA-F]+|[-+ ]?0[bB][01]+|[-+ ]?0[oO][0-7]+),(?P<stepData>.+?),(?P<labwareName>\\w+),(?P<labwarePos>.+?)'
[2022-12-27 17:39:37,531] parse DEBUG format '{numField:d},{mainErrField:d},{slaveErr:d},{recoveryBtnId:d},{stepData},{labwareName:w},{labwarePos}' -> '(?P<numField>[-+ ]?\\d+|[-+ ]?0[xX][0-9a-fA-F]+|[-+ ]?0[bB][01]+|[-+ ]?0[oO][0-7]+),(?P<mainErrField>[-+ ]?\\d+|[-+ ]?0[xX][0-9a-fA-F]+|[-+ ]?0[bB][01]+|[-+ ]?0[oO][0-7]+),(?P<slaveErr>[-+ ]?\\d+|[-+ ]?0[xX][0-9a-fA-F]+|[-+ ]?0[bB][01]+|[-+ ]?0[oO][0-7]+),(?P<recoveryBtnId>[-+ ]?\\d+|[-+ ]?0[xX][0-9a-fA-F]+|[-+ ]?0[bB][01]+|[-+ ]?0[oO][0-7]+),(?P<stepData>.+?),(?P<labwareName>\\w+),(?P<labwarePos>.+?)'
[2022-12-27 17:39:37,531] parse DEBUG format '{numField:d},{mainErrField:d},{slaveErr:d},{recoveryBtnId:d},{stepData},{labwareName:w},{labwarePos}' -> '(?P<numField>[-+ ]?\\d+|[-+ ]?0[xX][0-9a-fA-F]+|[-+ ]?0[bB][01]+|[-+ ]?0[oO][0-7]+),(?P<mainErrField>[-+ ]?\\d+|[-+ ]?0[xX][0-9a-fA-F]+|[-+ ]?0[bB][01]+|[-+ ]?0[oO][0-7]+),(?P<slaveErr>[-+ ]?\\d+|[-+ ]?0[xX][0-9a-fA-F]+|[-+ ]?0[bB][01]+|[-+ ]?0[oO][0-7]+),(?P<recoveryBtnId>[-+ ]?\\d+|[-+ ]?0[xX][0-9a-fA-F]+|[-+ ]?0[bB][01]+|[-+ ]?0[oO][0-7]+),(?P<stepData>.+?),(?P<labwareName>\\w+),(?P<labwarePos>.+?)'
[2022-12-27 17:39:37,531] parse DEBUG format '{numField:d},{mainErrField:d},{slaveErr:d},{recoveryBtnId:d},{stepData},{labwareName:w},{labwarePos}' -> '(?P<numField>[-+ ]?\\d+|[-+ ]?0[xX][0-9a-fA-F]+|[-+ ]?0[bB][01]+|[-+ ]?0[oO][0-7]+),(?P<mainErrField>[-+ ]?\\d+|[-+ ]?0[xX][0-9a-fA-F]+|[-+ ]?0[bB][01]+|[-+ ]?0[oO][0-7]+),(?P<slaveErr>[-+ ]?\\d+|[-+ ]?0[xX][0-9a-fA-F]+|[-+ ]?0[bB][01]+|[-+ ]?0[oO][0-7]+),(?P<recoveryBtnId>[-+ ]?\\d+|[-+ ]?0[xX][0-9a-fA-F]+|[-+ ]?0[bB][01]+|[-+ ]?0[oO][0-7]+),(?P<stepData>.+?),(?P<labwareName>\\w+),(?P<labwarePos>.+?)'
[2022-12-27 17:39:37,531] root INFO move_plate: Moving plate plate_0 to plate_1
[2022-12-27 17:39:39,548] parse DEBUG format '{numField:d},{mainErrField:d},{slaveErr:d},{recoveryBtnId:d},{stepData},{labwareName:w},{labwarePos}' -> '(?P<numField>[-+ ]?\\d+|[-+ ]?0[xX][0-9a-fA-F]+|[-+ ]?0[bB][01]+|[-+ ]?0[oO][0-7]+),(?P<mainErrField>[-+ ]?\\d+|[-+ ]?0[xX][0-9a-fA-F]+|[-+ ]?0[bB][01]+|[-+ ]?0[oO][0-7]+),(?P<slaveErr>[-+ ]?\\d+|[-+ ]?0[xX][0-9a-fA-F]+|[-+ ]?0[bB][01]+|[-+ ]?0[oO][0-7]+),(?P<recoveryBtnId>[-+ ]?\\d+|[-+ ]?0[xX][0-9a-fA-F]+|[-+ ]?0[bB][01]+|[-+ ]?0[oO][0-7]+),(?P<stepData>.+?),(?P<labwareName>\\w+),(?P<labwarePos>.+?)'
[2022-12-27 17:39:41,574] parse DEBUG format '{numField:d},{mainErrField:d},{slaveErr:d},{recoveryBtnId:d},{stepData},{labwareName:w},{labwarePos}' -> '(?P<numField>[-+ ]?\\d+|[-+ ]?0[xX][0-9a-fA-F]+|[-+ ]?0[bB][01]+|[-+ ]?0[oO][0-7]+),(?P<mainErrField>[-+ ]?\\d+|[-+ ]?0[xX][0-9a-fA-F]+|[-+ ]?0[bB][01]+|[-+ ]?0[oO][0-7]+),(?P<slaveErr>[-+ ]?\\d+|[-+ ]?0[xX][0-9a-fA-F]+|[-+ ]?0[bB][01]+|[-+ ]?0[oO][0-7]+),(?P<recoveryBtnId>[-+ ]?\\d+|[-+ ]?0[xX][0-9a-fA-F]+|[-+ ]?0[bB][01]+|[-+ ]?0[oO][0-7]+),(?P<stepData>.+?),(?P<labwareName>\\w+),(?P<labwarePos>.+?)'
[2022-12-27 17:39:41,574] pyhamilton.interface INFO sending end run command to simulator
[2022-12-27 17:39:43,081] pyhamilton.interface ERROR HamiltonTimeoutError('Timed out after 1.5 sec while waiting for response id 0x0')
[2022-12-27 17:39:43,082] pyhamilton.interface INFO disconnected from server
[2022-12-27 17:39:43,192] pyhamilton.interface INFO server did not exit yet, sending dummy request to exit its loop
[2022-12-27 17:39:43,192] urllib3.util.retry DEBUG Converted retries value: 20 -> Retry(total=20, connect=None, read=None, redirect=None, status=None)
[2022-12-27 17:39:43,196] urllib3.connectionpool DEBUG Starting new HTTP connection (1): 127.0.0.1:3221
[2022-12-27 17:39:43,197] urllib3.connectionpool DEBUG http://127.0.0.1:3221 "GET / HTTP/1.1" 200 None
[2022-12-27 17:39:43,197] pyhamilton.interface INFO dummy get request sent to server
[2022-12-27 17:39:43,197] pyhamilton.interface INFO server thread exited
[2022-12-27 17:46:54,852] root INFO ##############################################################################
[2022-12-27 17:46:54,852] root INFO #                                                                            #
[2022-12-27 17:46:54,852] root INFO #     Begin execution of C:\Users\stefa\Complex-Movement\robot_method.py     #
[2022-12-27 17:46:54,852] root INFO #                                                                            #
[2022-12-27 17:46:54,852] root INFO ##############################################################################
[2022-12-27 17:46:54,852] pyhamilton.interface INFO starting a Hamilton interface
[2022-12-27 17:46:54,852] pyhamilton.interface INFO started the oem application for simulation
[2022-12-27 17:46:54,852] pyhamilton.interface INFO started the server thread
[2022-12-27 17:46:54,852] root INFO initialize: synchronously initialize the robot
[2022-12-27 17:47:03,932] parse DEBUG format '{numField:d},{mainErrField:d},{slaveErr:d},{recoveryBtnId:d},{stepData},{labwareName:w},{labwarePos}' -> '(?P<numField>[-+ ]?\\d+|[-+ ]?0[xX][0-9a-fA-F]+|[-+ ]?0[bB][01]+|[-+ ]?0[oO][0-7]+),(?P<mainErrField>[-+ ]?\\d+|[-+ ]?0[xX][0-9a-fA-F]+|[-+ ]?0[bB][01]+|[-+ ]?0[oO][0-7]+),(?P<slaveErr>[-+ ]?\\d+|[-+ ]?0[xX][0-9a-fA-F]+|[-+ ]?0[bB][01]+|[-+ ]?0[oO][0-7]+),(?P<recoveryBtnId>[-+ ]?\\d+|[-+ ]?0[xX][0-9a-fA-F]+|[-+ ]?0[bB][01]+|[-+ ]?0[oO][0-7]+),(?P<stepData>.+?),(?P<labwareName>\\w+),(?P<labwarePos>.+?)'
[2022-12-27 17:47:03,933] parse DEBUG format '{numField:d},{mainErrField:d},{slaveErr:d},{recoveryBtnId:d},{stepData},{labwareName:w},{labwarePos}' -> '(?P<numField>[-+ ]?\\d+|[-+ ]?0[xX][0-9a-fA-F]+|[-+ ]?0[bB][01]+|[-+ ]?0[oO][0-7]+),(?P<mainErrField>[-+ ]?\\d+|[-+ ]?0[xX][0-9a-fA-F]+|[-+ ]?0[bB][01]+|[-+ ]?0[oO][0-7]+),(?P<slaveErr>[-+ ]?\\d+|[-+ ]?0[xX][0-9a-fA-F]+|[-+ ]?0[bB][01]+|[-+ ]?0[oO][0-7]+),(?P<recoveryBtnId>[-+ ]?\\d+|[-+ ]?0[xX][0-9a-fA-F]+|[-+ ]?0[bB][01]+|[-+ ]?0[oO][0-7]+),(?P<stepData>.+?),(?P<labwareName>\\w+),(?P<labwarePos>.+?)'
[2022-12-27 17:47:03,933] parse DEBUG format '{numField:d},{mainErrField:d},{slaveErr:d},{recoveryBtnId:d},{stepData},{labwareName:w},{labwarePos}' -> '(?P<numField>[-+ ]?\\d+|[-+ ]?0[xX][0-9a-fA-F]+|[-+ ]?0[bB][01]+|[-+ ]?0[oO][0-7]+),(?P<mainErrField>[-+ ]?\\d+|[-+ ]?0[xX][0-9a-fA-F]+|[-+ ]?0[bB][01]+|[-+ ]?0[oO][0-7]+),(?P<slaveErr>[-+ ]?\\d+|[-+ ]?0[xX][0-9a-fA-F]+|[-+ ]?0[bB][01]+|[-+ ]?0[oO][0-7]+),(?P<recoveryBtnId>[-+ ]?\\d+|[-+ ]?0[xX][0-9a-fA-F]+|[-+ ]?0[bB][01]+|[-+ ]?0[oO][0-7]+),(?P<stepData>.+?),(?P<labwareName>\\w+),(?P<labwarePos>.+?)'
[2022-12-27 17:47:03,933] parse DEBUG format '{numField:d},{mainErrField:d},{slaveErr:d},{recoveryBtnId:d},{stepData},{labwareName:w},{labwarePos}' -> '(?P<numField>[-+ ]?\\d+|[-+ ]?0[xX][0-9a-fA-F]+|[-+ ]?0[bB][01]+|[-+ ]?0[oO][0-7]+),(?P<mainErrField>[-+ ]?\\d+|[-+ ]?0[xX][0-9a-fA-F]+|[-+ ]?0[bB][01]+|[-+ ]?0[oO][0-7]+),(?P<slaveErr>[-+ ]?\\d+|[-+ ]?0[xX][0-9a-fA-F]+|[-+ ]?0[bB][01]+|[-+ ]?0[oO][0-7]+),(?P<recoveryBtnId>[-+ ]?\\d+|[-+ ]?0[xX][0-9a-fA-F]+|[-+ ]?0[bB][01]+|[-+ ]?0[oO][0-7]+),(?P<stepData>.+?),(?P<labwareName>\\w+),(?P<labwarePos>.+?)'
[2022-12-27 17:47:03,933] parse DEBUG format '{numField:d},{mainErrField:d},{slaveErr:d},{recoveryBtnId:d},{stepData},{labwareName:w},{labwarePos}' -> '(?P<numField>[-+ ]?\\d+|[-+ ]?0[xX][0-9a-fA-F]+|[-+ ]?0[bB][01]+|[-+ ]?0[oO][0-7]+),(?P<mainErrField>[-+ ]?\\d+|[-+ ]?0[xX][0-9a-fA-F]+|[-+ ]?0[bB][01]+|[-+ ]?0[oO][0-7]+),(?P<slaveErr>[-+ ]?\\d+|[-+ ]?0[xX][0-9a-fA-F]+|[-+ ]?0[bB][01]+|[-+ ]?0[oO][0-7]+),(?P<recoveryBtnId>[-+ ]?\\d+|[-+ ]?0[xX][0-9a-fA-F]+|[-+ ]?0[bB][01]+|[-+ ]?0[oO][0-7]+),(?P<stepData>.+?),(?P<labwareName>\\w+),(?P<labwarePos>.+?)'
[2022-12-27 17:47:03,933] parse DEBUG format '{numField:d},{mainErrField:d},{slaveErr:d},{recoveryBtnId:d},{stepData},{labwareName:w},{labwarePos}' -> '(?P<numField>[-+ ]?\\d+|[-+ ]?0[xX][0-9a-fA-F]+|[-+ ]?0[bB][01]+|[-+ ]?0[oO][0-7]+),(?P<mainErrField>[-+ ]?\\d+|[-+ ]?0[xX][0-9a-fA-F]+|[-+ ]?0[bB][01]+|[-+ ]?0[oO][0-7]+),(?P<slaveErr>[-+ ]?\\d+|[-+ ]?0[xX][0-9a-fA-F]+|[-+ ]?0[bB][01]+|[-+ ]?0[oO][0-7]+),(?P<recoveryBtnId>[-+ ]?\\d+|[-+ ]?0[xX][0-9a-fA-F]+|[-+ ]?0[bB][01]+|[-+ ]?0[oO][0-7]+),(?P<stepData>.+?),(?P<labwareName>\\w+),(?P<labwarePos>.+?)'
[2022-12-27 17:47:03,933] parse DEBUG format '{numField:d},{mainErrField:d},{slaveErr:d},{recoveryBtnId:d},{stepData},{labwareName:w},{labwarePos}' -> '(?P<numField>[-+ ]?\\d+|[-+ ]?0[xX][0-9a-fA-F]+|[-+ ]?0[bB][01]+|[-+ ]?0[oO][0-7]+),(?P<mainErrField>[-+ ]?\\d+|[-+ ]?0[xX][0-9a-fA-F]+|[-+ ]?0[bB][01]+|[-+ ]?0[oO][0-7]+),(?P<slaveErr>[-+ ]?\\d+|[-+ ]?0[xX][0-9a-fA-F]+|[-+ ]?0[bB][01]+|[-+ ]?0[oO][0-7]+),(?P<recoveryBtnId>[-+ ]?\\d+|[-+ ]?0[xX][0-9a-fA-F]+|[-+ ]?0[bB][01]+|[-+ ]?0[oO][0-7]+),(?P<stepData>.+?),(?P<labwareName>\\w+),(?P<labwarePos>.+?)'
[2022-12-27 17:47:03,934] parse DEBUG format '{numField:d},{mainErrField:d},{slaveErr:d},{recoveryBtnId:d},{stepData},{labwareName:w},{labwarePos}' -> '(?P<numField>[-+ ]?\\d+|[-+ ]?0[xX][0-9a-fA-F]+|[-+ ]?0[bB][01]+|[-+ ]?0[oO][0-7]+),(?P<mainErrField>[-+ ]?\\d+|[-+ ]?0[xX][0-9a-fA-F]+|[-+ ]?0[bB][01]+|[-+ ]?0[oO][0-7]+),(?P<slaveErr>[-+ ]?\\d+|[-+ ]?0[xX][0-9a-fA-F]+|[-+ ]?0[bB][01]+|[-+ ]?0[oO][0-7]+),(?P<recoveryBtnId>[-+ ]?\\d+|[-+ ]?0[xX][0-9a-fA-F]+|[-+ ]?0[bB][01]+|[-+ ]?0[oO][0-7]+),(?P<stepData>.+?),(?P<labwareName>\\w+),(?P<labwarePos>.+?)'
[2022-12-27 17:47:03,934] root INFO move_plate: Moving plate plate_0 to plate_1
[2022-12-27 17:47:04,938] parse DEBUG format '{numField:d},{mainErrField:d},{slaveErr:d},{recoveryBtnId:d},{stepData},{labwareName:w},{labwarePos}' -> '(?P<numField>[-+ ]?\\d+|[-+ ]?0[xX][0-9a-fA-F]+|[-+ ]?0[bB][01]+|[-+ ]?0[oO][0-7]+),(?P<mainErrField>[-+ ]?\\d+|[-+ ]?0[xX][0-9a-fA-F]+|[-+ ]?0[bB][01]+|[-+ ]?0[oO][0-7]+),(?P<slaveErr>[-+ ]?\\d+|[-+ ]?0[xX][0-9a-fA-F]+|[-+ ]?0[bB][01]+|[-+ ]?0[oO][0-7]+),(?P<recoveryBtnId>[-+ ]?\\d+|[-+ ]?0[xX][0-9a-fA-F]+|[-+ ]?0[bB][01]+|[-+ ]?0[oO][0-7]+),(?P<stepData>.+?),(?P<labwareName>\\w+),(?P<labwarePos>.+?)'
[2022-12-27 17:47:05,942] parse DEBUG format '{numField:d},{mainErrField:d},{slaveErr:d},{recoveryBtnId:d},{stepData},{labwareName:w},{labwarePos}' -> '(?P<numField>[-+ ]?\\d+|[-+ ]?0[xX][0-9a-fA-F]+|[-+ ]?0[bB][01]+|[-+ ]?0[oO][0-7]+),(?P<mainErrField>[-+ ]?\\d+|[-+ ]?0[xX][0-9a-fA-F]+|[-+ ]?0[bB][01]+|[-+ ]?0[oO][0-7]+),(?P<slaveErr>[-+ ]?\\d+|[-+ ]?0[xX][0-9a-fA-F]+|[-+ ]?0[bB][01]+|[-+ ]?0[oO][0-7]+),(?P<recoveryBtnId>[-+ ]?\\d+|[-+ ]?0[xX][0-9a-fA-F]+|[-+ ]?0[bB][01]+|[-+ ]?0[oO][0-7]+),(?P<stepData>.+?),(?P<labwareName>\\w+),(?P<labwarePos>.+?)'
[2022-12-27 17:47:05,943] pyhamilton.interface INFO sending end run command to simulator
[2022-12-27 17:47:07,446] pyhamilton.interface ERROR HamiltonTimeoutError('Timed out after 1.5 sec while waiting for response id 0x0')
[2022-12-27 17:47:07,446] pyhamilton.interface INFO disconnected from server
[2022-12-27 17:47:07,556] pyhamilton.interface INFO server did not exit yet, sending dummy request to exit its loop
[2022-12-27 17:47:07,556] urllib3.util.retry DEBUG Converted retries value: 20 -> Retry(total=20, connect=None, read=None, redirect=None, status=None)
[2022-12-27 17:47:07,558] urllib3.connectionpool DEBUG Starting new HTTP connection (1): 127.0.0.1:3221
[2022-12-27 17:47:07,559] urllib3.connectionpool DEBUG http://127.0.0.1:3221 "GET / HTTP/1.1" 200 None
[2022-12-27 17:47:07,559] pyhamilton.interface INFO dummy get request sent to server
[2022-12-27 17:47:07,559] pyhamilton.interface INFO server thread exited
